<?xml version="1.0" encoding="UTF-8"?>
<!-- Generated by org.testng.reporters.JUnitXMLReporter -->
<testsuite ignored="0" hostname="DESKTOP-VD4OOGI" failures="0" tests="5" name="Test" time="0.065" errors="0" timestamp="2023-08-16T13:05:38 IST">
  <testcase classname="Practice.Practice_Test2" name="Area" time="0.006"/>
  <testcase classname="Practice.Practice_Test2" name="category" time="0.001"/>
  <testcase classname="Practice.Practice_Test1" name="Manuf" time="0.001"/>
  <testcase classname="Practice.Practice_Test1" name="manage_area" time="0.001"/>
  <testcase classname="Practice.Practice_Test1" name="retial" time="0.0"/>
</testsuite> <!-- Test -->
