<?xml version="1.0" encoding="UTF-8"?>
<testng-results ignored="0" total="2" passed="2" failed="0" skipped="0">
  <reporter-output>
  </reporter-output>
  <suite started-at="2023-08-16T14:37:17 IST" name="Default suite" finished-at="2023-08-16T14:37:17 IST" duration-ms="46">
    <groups>
      <group name="regression">
        <method signature="Practice_Test2.Area()[pri:0, instance:Practice.Practice_Test2@15bbf42f]" name="Area" class="Practice.Practice_Test2"/>
      </group> <!-- regression -->
      <group name="smoke">
        <method signature="Practice_Test2.category()[pri:0, instance:Practice.Practice_Test2@15bbf42f]" name="category" class="Practice.Practice_Test2"/>
      </group> <!-- smoke -->
    </groups>
    <test started-at="2023-08-16T14:37:17 IST" name="Default test" finished-at="2023-08-16T14:37:17 IST" duration-ms="46">
      <class name="Practice.Practice_Test2">
        <test-method signature="Area()[pri:0, instance:Practice.Practice_Test2@15bbf42f]" started-at="2023-08-16T14:37:17 IST" name="Area" finished-at="2023-08-16T14:37:17 IST" duration-ms="8" status="PASS">
          <reporter-output>
          </reporter-output>
        </test-method> <!-- Area -->
        <test-method signature="category()[pri:0, instance:Practice.Practice_Test2@15bbf42f]" started-at="2023-08-16T14:37:17 IST" name="category" finished-at="2023-08-16T14:37:17 IST" duration-ms="1" status="PASS">
          <reporter-output>
          </reporter-output>
        </test-method> <!-- category -->
      </class> <!-- Practice.Practice_Test2 -->
    </test> <!-- Default test -->
  </suite> <!-- Default suite -->
</testng-results>
